<?xml version="1.0" encoding="UTF-8"?>
<!-- Generated by org.testng.reporters.JUnitXMLReporter -->
<testsuite hostname="Naumans-PC" ignored="0" name="Surefire test" tests="4" failures="0" timestamp="2023-01-03T09:57:00 GMT" time="6.629" errors="0">
  <testcase name="test001 on test001(io.swagger.petstore.testsuite.petcurdtest.UserCURDTest)" time="3.35" classname="io.swagger.petstore.testsuite.petcurdtest.UserCURDTest"/>
  <testcase name="test002 on test002(io.swagger.petstore.testsuite.petcurdtest.UserCURDTest)" time="4.03" classname="io.swagger.petstore.testsuite.petcurdtest.UserCURDTest"/>
  <testcase name="test003 on test003(io.swagger.petstore.testsuite.petcurdtest.UserCURDTest)" time="4.601" classname="io.swagger.petstore.testsuite.petcurdtest.UserCURDTest"/>
  <testcase name="test004 on test004(io.swagger.petstore.testsuite.petcurdtest.UserCURDTest)" time="5.601" classname="io.swagger.petstore.testsuite.petcurdtest.UserCURDTest"/>
</testsuite> <!-- Surefire test -->
