<?xml version="1.0" encoding="UTF-8"?>
<testng-results skipped="0" failed="0" ignored="0" total="4" passed="4">
  <reporter-output>
  </reporter-output>
  <suite name="Surefire suite" duration-ms="6629" started-at="2023-01-03T09:56:54 GMT" finished-at="2023-01-03T09:57:00 GMT">
    <groups>
    </groups>
    <test name="Surefire test" duration-ms="6629" started-at="2023-01-03T09:56:54 GMT" finished-at="2023-01-03T09:57:00 GMT">
      <class name="io.swagger.petstore.testsuite.petcurdtest.UserCURDTest">
        <test-method status="PASS" signature="test001()" name="test001" duration-ms="3350" started-at="2023-01-03T09:56:54 GMT" finished-at="2023-01-03T09:56:57 GMT">
          <reporter-output>
          </reporter-output>
        </test-method> <!-- test001 -->
        <test-method status="PASS" signature="test002()" name="test002" duration-ms="4030" started-at="2023-01-03T09:56:54 GMT" finished-at="2023-01-03T09:56:58 GMT">
          <reporter-output>
          </reporter-output>
        </test-method> <!-- test002 -->
        <test-method status="PASS" signature="test004()" name="test004" duration-ms="5601" started-at="2023-01-03T09:56:54 GMT" finished-at="2023-01-03T09:57:00 GMT">
          <reporter-output>
          </reporter-output>
        </test-method> <!-- test004 -->
        <test-method status="PASS" signature="test003()" name="test003" duration-ms="4601" started-at="2023-01-03T09:56:54 GMT" finished-at="2023-01-03T09:56:59 GMT">
          <reporter-output>
          </reporter-output>
        </test-method> <!-- test003 -->
      </class> <!-- io.swagger.petstore.testsuite.petcurdtest.UserCURDTest -->
    </test> <!-- Surefire test -->
  </suite> <!-- Surefire suite -->
</testng-results>
