<?xml version="1.0" encoding="UTF-8"?><testsuite errors="0" failures="0" name="io.swagger.petstore.testsuite.petcurdtest.PetCURDTest" skipped="0" tests="4" time="5.46" timestamp="2023-01-03T09:56:54.921Z[Europe/London]"><testcase classname="io.swagger.petstore.testsuite.petcurdtest.PetCURDTest" name="This method will create new record of Pet"/><testcase classname="io.swagger.petstore.testsuite.petcurdtest.PetCURDTest" name="This method will fetch existing record of Pet"/><testcase classname="io.swagger.petstore.testsuite.petcurdtest.PetCURDTest" name="This method will update an existing record of Pet"/><testcase classname="io.swagger.petstore.testsuite.petcurdtest.PetCURDTest" name="This method will delete an existing record of Pet"/></testsuite>