<?xml version="1.0" encoding="UTF-8"?><testsuite errors="0" failures="0" name="io.swagger.petstore.testsuite.petcurdtest.UserCURDTest" skipped="0" tests="4" time="5.28" timestamp="2023-01-03T09:56:54.920Z[Europe/London]"><testcase classname="io.swagger.petstore.testsuite.petcurdtest.UserCURDTest" name="This method will create a new user record"/><testcase classname="io.swagger.petstore.testsuite.petcurdtest.UserCURDTest" name="This method will get and verify existing user record"/><testcase classname="io.swagger.petstore.testsuite.petcurdtest.UserCURDTest" name="This method will update and verify an existing user record"/><testcase classname="io.swagger.petstore.testsuite.petcurdtest.UserCURDTest" name="This method will delete and verify an existing user record"/></testsuite>